INFO:django.server: "GET /admin/ HTTP/1.1" 200 3694 (2018-11-18 12:51:54; basehttp.py:124)
INFO:django.server: "GET /static/admin/css/base.css HTTP/1.1" 200 16225 (2018-11-18 12:51:54; basehttp.py:124)
INFO:django.server: "GET /static/admin/css/dashboard.css HTTP/1.1" 200 412 (2018-11-18 12:51:54; basehttp.py:124)
INFO:django.server: "GET /static/admin/css/fonts.css HTTP/1.1" 200 423 (2018-11-18 12:51:54; basehttp.py:124)
INFO:django.server: "GET /static/admin/css/responsive.css HTTP/1.1" 200 17976 (2018-11-18 12:51:54; basehttp.py:124)
WARNING:django.server: "GET /favicon.ico HTTP/1.1" 404 2081 (2018-11-18 12:51:54; basehttp.py:124)
INFO:django.server: "GET /static/admin/img/icon-addlink.svg HTTP/1.1" 200 331 (2018-11-18 12:51:54; basehttp.py:124)
INFO:django.server: "GET /static/admin/img/icon-changelink.svg HTTP/1.1" 200 380 (2018-11-18 12:51:54; basehttp.py:124)
INFO:django.server: "GET /admin/task/todo/ HTTP/1.1" 200 5537 (2018-11-18 12:51:56; basehttp.py:124)
INFO:django.server: "GET /static/admin/css/responsive.css HTTP/1.1" 304 0 (2018-11-18 12:51:56; basehttp.py:124)
INFO:django.server: "GET /static/admin/css/fonts.css HTTP/1.1" 304 0 (2018-11-18 12:51:56; basehttp.py:124)
INFO:django.server: "GET /static/admin/css/changelists.css HTTP/1.1" 200 6170 (2018-11-18 12:51:56; basehttp.py:124)
INFO:django.server: "GET /static/admin/js/jquery.init.js HTTP/1.1" 200 363 (2018-11-18 12:51:56; basehttp.py:124)
INFO:django.server: "GET /admin/jsi18n/ HTTP/1.1" 200 3185 (2018-11-18 12:51:56; basehttp.py:124)
INFO:django.server: "GET /static/admin/js/vendor/jquery/jquery.js HTTP/1.1" 304 0 (2018-11-18 12:51:56; basehttp.py:124)
INFO:django.server: "GET /static/admin/js/core.js HTTP/1.1" 304 0 (2018-11-18 12:51:56; basehttp.py:124)
INFO:django.server: "GET /static/admin/js/admin/RelatedObjectLookups.js HTTP/1.1" 304 0 (2018-11-18 12:51:56; basehttp.py:124)
INFO:django.server: "GET /static/admin/js/actions.js HTTP/1.1" 304 0 (2018-11-18 12:51:56; basehttp.py:124)
INFO:django.server: "GET /static/admin/js/urlify.js HTTP/1.1" 304 0 (2018-11-18 12:51:56; basehttp.py:124)
INFO:django.server: "GET /static/admin/js/prepopulate.js HTTP/1.1" 304 0 (2018-11-18 12:51:56; basehttp.py:124)
INFO:django.server: "GET /static/admin/js/vendor/xregexp/xregexp.js HTTP/1.1" 304 0 (2018-11-18 12:51:56; basehttp.py:124)
INFO:django.server: "GET /static/admin/img/tooltag-add.svg HTTP/1.1" 200 331 (2018-11-18 12:51:56; basehttp.py:124)
WARNING:django.server: "GET /favicon.ico HTTP/1.1" 404 2081 (2018-11-18 12:51:56; basehttp.py:124)
INFO:django.server: "GET /admin/task/todo/add/ HTTP/1.1" 200 9943 (2018-11-18 12:51:59; basehttp.py:124)
INFO:django.server: "GET /static/admin/js/jquery.init.js HTTP/1.1" 304 0 (2018-11-18 12:51:59; basehttp.py:124)
INFO:django.server: "GET /admin/jsi18n/ HTTP/1.1" 200 3185 (2018-11-18 12:51:59; basehttp.py:124)
INFO:django.server: "GET /static/admin/css/forms.css HTTP/1.1" 200 8505 (2018-11-18 12:51:59; basehttp.py:124)
INFO:django.server: "GET /static/admin/js/change_form.js HTTP/1.1" 200 712 (2018-11-18 12:51:59; basehttp.py:124)
INFO:django.server: "GET /static/admin/js/prepopulate_init.js HTTP/1.1" 200 495 (2018-11-18 12:51:59; basehttp.py:124)
INFO:django.server: "GET /static/admin/css/widgets.css HTTP/1.1" 200 10340 (2018-11-18 12:52:00; basehttp.py:124)
INFO:django.server: "GET /static/admin/img/icon-changelink.svg HTTP/1.1" 304 0 (2018-11-18 12:52:00; basehttp.py:124)
INFO:django.server: "GET /static/admin/img/icon-addlink.svg HTTP/1.1" 304 0 (2018-11-18 12:52:00; basehttp.py:124)
WARNING:django.server: "GET /favicon.ico HTTP/1.1" 404 2081 (2018-11-18 12:52:00; basehttp.py:124)
INFO:django.server: "GET /api/tasks HTTP/1.1" 301 0 (2018-11-18 13:02:29; basehttp.py:124)
INFO:django.server: "GET /api/tasks/ HTTP/1.1" 200 9926 (2018-11-18 13:02:29; basehttp.py:124)
INFO:django.server: "GET /static/rest_framework/css/bootstrap-tweaks.css HTTP/1.1" 200 3385 (2018-11-18 13:02:29; basehttp.py:124)
INFO:django.server: "GET /static/rest_framework/js/ajax-form.js HTTP/1.1" 200 3597 (2018-11-18 13:02:29; basehttp.py:124)
INFO:django.server: "GET /static/rest_framework/js/prettify-min.js HTTP/1.1" 200 13632 (2018-11-18 13:02:29; basehttp.py:124)
INFO:django.server: "GET /static/rest_framework/css/default.css HTTP/1.1" 200 1131 (2018-11-18 13:02:29; basehttp.py:124)
INFO:django.server: "GET /static/rest_framework/js/default.js HTTP/1.1" 200 1268 (2018-11-18 13:02:29; basehttp.py:124)
INFO:django.server: "GET /static/rest_framework/js/csrf.js HTTP/1.1" 200 1735 (2018-11-18 13:02:29; basehttp.py:124)
INFO:django.server: "GET /static/rest_framework/css/prettify.css HTTP/1.1" 200 817 (2018-11-18 13:02:29; basehttp.py:124)
INFO:django.server: "GET /static/rest_framework/js/bootstrap.min.js HTTP/1.1" 200 37045 (2018-11-18 13:02:29; basehttp.py:124)
INFO:django.server: "GET /static/rest_framework/css/bootstrap.min.css HTTP/1.1" 200 121200 (2018-11-18 13:02:29; basehttp.py:124)
INFO:django.server: "GET /static/rest_framework/js/jquery-3.3.1.min.js HTTP/1.1" 304 0 (2018-11-18 13:02:29; basehttp.py:124)
INFO:django.server: "GET /static/rest_framework/img/grid.png HTTP/1.1" 200 1458 (2018-11-18 13:02:29; basehttp.py:124)
WARNING:django.server: "GET /favicon.ico HTTP/1.1" 404 2081 (2018-11-18 13:02:29; basehttp.py:124)
ERROR:django.server: "GET /api/tasks/todos/ HTTP/1.1" 500 103693 (2018-11-18 13:02:31; basehttp.py:124)
WARNING:django.server: "GET /favicon.ico HTTP/1.1" 404 2081 (2018-11-18 13:02:32; basehttp.py:124)
INFO:django.server: "GET /api/tasks/todos/ HTTP/1.1" 200 15514 (2018-11-18 13:03:26; basehttp.py:124)
INFO:django.server: "GET /static/rest_framework/css/bootstrap.min.css HTTP/1.1" 304 0 (2018-11-18 13:03:26; basehttp.py:124)
INFO:django.server: "GET /static/rest_framework/css/bootstrap-tweaks.css HTTP/1.1" 304 0 (2018-11-18 13:03:26; basehttp.py:124)
INFO:django.server: "GET /static/rest_framework/css/prettify.css HTTP/1.1" 304 0 (2018-11-18 13:03:26; basehttp.py:124)
INFO:django.server: "GET /static/rest_framework/js/jquery-3.3.1.min.js HTTP/1.1" 304 0 (2018-11-18 13:03:26; basehttp.py:124)
INFO:django.server: "GET /static/rest_framework/css/default.css HTTP/1.1" 304 0 (2018-11-18 13:03:26; basehttp.py:124)
INFO:django.server: "GET /static/rest_framework/js/ajax-form.js HTTP/1.1" 304 0 (2018-11-18 13:03:26; basehttp.py:124)
INFO:django.server: "GET /static/rest_framework/js/csrf.js HTTP/1.1" 304 0 (2018-11-18 13:03:26; basehttp.py:124)
INFO:django.server: "GET /static/rest_framework/js/bootstrap.min.js HTTP/1.1" 304 0 (2018-11-18 13:03:26; basehttp.py:124)
INFO:django.server: "GET /static/rest_framework/js/prettify-min.js HTTP/1.1" 304 0 (2018-11-18 13:03:26; basehttp.py:124)
INFO:django.server: "GET /static/rest_framework/js/default.js HTTP/1.1" 304 0 (2018-11-18 13:03:26; basehttp.py:124)
INFO:django.server: "GET /static/rest_framework/img/grid.png HTTP/1.1" 304 0 (2018-11-18 13:03:26; basehttp.py:124)
WARNING:django.server: "GET /favicon.ico HTTP/1.1" 404 2081 (2018-11-18 13:03:26; basehttp.py:124)
INFO:django.server: "GET /api/tasks/todos/ HTTP/1.1" 200 15514 (2018-11-18 13:14:53; basehttp.py:124)
INFO:django.server: "GET /static/rest_framework/css/bootstrap.min.css HTTP/1.1" 304 0 (2018-11-18 13:14:53; basehttp.py:124)
INFO:django.server: "GET /static/rest_framework/css/bootstrap-tweaks.css HTTP/1.1" 304 0 (2018-11-18 13:14:53; basehttp.py:124)
INFO:django.server: "GET /static/rest_framework/css/prettify.css HTTP/1.1" 304 0 (2018-11-18 13:14:53; basehttp.py:124)
INFO:django.server: "GET /static/rest_framework/css/default.css HTTP/1.1" 304 0 (2018-11-18 13:14:53; basehttp.py:124)
INFO:django.server: "GET /static/rest_framework/js/jquery-3.3.1.min.js HTTP/1.1" 304 0 (2018-11-18 13:14:53; basehttp.py:124)
INFO:django.server: "GET /static/rest_framework/js/ajax-form.js HTTP/1.1" 304 0 (2018-11-18 13:14:53; basehttp.py:124)
INFO:django.server: "GET /static/rest_framework/js/prettify-min.js HTTP/1.1" 304 0 (2018-11-18 13:14:53; basehttp.py:124)
INFO:django.server: "GET /static/rest_framework/js/bootstrap.min.js HTTP/1.1" 304 0 (2018-11-18 13:14:53; basehttp.py:124)
INFO:django.server: "GET /static/rest_framework/js/default.js HTTP/1.1" 304 0 (2018-11-18 13:14:53; basehttp.py:124)
INFO:django.server: "GET /static/rest_framework/js/csrf.js HTTP/1.1" 304 0 (2018-11-18 13:14:53; basehttp.py:124)
INFO:django.server: "GET /static/rest_framework/img/grid.png HTTP/1.1" 304 0 (2018-11-18 13:14:53; basehttp.py:124)
WARNING:django.server: "GET /favicon.ico HTTP/1.1" 404 2081 (2018-11-18 13:14:53; basehttp.py:124)
INFO:django.server: "POST /admin/task/todo/add/ HTTP/1.1" 302 0 (2018-11-18 13:15:07; basehttp.py:124)
INFO:django.server: "GET /admin/task/todo/ HTTP/1.1" 200 7444 (2018-11-18 13:15:07; basehttp.py:124)
INFO:django.server: "GET /static/admin/css/base.css HTTP/1.1" 304 0 (2018-11-18 13:15:07; basehttp.py:124)
INFO:django.server: "GET /static/admin/css/changelists.css HTTP/1.1" 304 0 (2018-11-18 13:15:07; basehttp.py:124)
INFO:django.server: "GET /static/admin/js/vendor/jquery/jquery.js HTTP/1.1" 304 0 (2018-11-18 13:15:07; basehttp.py:124)
INFO:django.server: "GET /static/admin/js/jquery.init.js HTTP/1.1" 304 0 (2018-11-18 13:15:07; basehttp.py:124)
INFO:django.server: "GET /static/admin/js/urlify.js HTTP/1.1" 304 0 (2018-11-18 13:15:07; basehttp.py:124)
INFO:django.server: "GET /static/admin/js/core.js HTTP/1.1" 304 0 (2018-11-18 13:15:07; basehttp.py:124)
INFO:django.server: "GET /static/admin/js/actions.js HTTP/1.1" 304 0 (2018-11-18 13:15:07; basehttp.py:124)
INFO:django.server: "GET /static/admin/js/vendor/xregexp/xregexp.js HTTP/1.1" 304 0 (2018-11-18 13:15:07; basehttp.py:124)
INFO:django.server: "GET /static/admin/css/responsive.css HTTP/1.1" 304 0 (2018-11-18 13:15:07; basehttp.py:124)
INFO:django.server: "GET /static/admin/js/admin/RelatedObjectLookups.js HTTP/1.1" 304 0 (2018-11-18 13:15:07; basehttp.py:124)
INFO:django.server: "GET /admin/jsi18n/ HTTP/1.1" 200 3185 (2018-11-18 13:15:07; basehttp.py:124)
INFO:django.server: "GET /static/admin/js/prepopulate.js HTTP/1.1" 304 0 (2018-11-18 13:15:07; basehttp.py:124)
INFO:django.server: "GET /static/admin/css/fonts.css HTTP/1.1" 304 0 (2018-11-18 13:15:07; basehttp.py:124)
INFO:django.server: "GET /static/admin/img/tooltag-add.svg HTTP/1.1" 304 0 (2018-11-18 13:15:07; basehttp.py:124)
INFO:django.server: "GET /static/admin/img/icon-yes.svg HTTP/1.1" 304 0 (2018-11-18 13:15:07; basehttp.py:124)
WARNING:django.server: "GET /favicon.ico HTTP/1.1" 404 2081 (2018-11-18 13:15:07; basehttp.py:124)
INFO:django.server: "GET /api/tasks/todos/ HTTP/1.1" 200 15837 (2018-11-18 13:15:10; basehttp.py:124)
INFO:django.server: "GET /static/rest_framework/css/bootstrap.min.css HTTP/1.1" 304 0 (2018-11-18 13:15:10; basehttp.py:124)
INFO:django.server: "GET /static/rest_framework/css/bootstrap-tweaks.css HTTP/1.1" 304 0 (2018-11-18 13:15:10; basehttp.py:124)
INFO:django.server: "GET /static/rest_framework/css/prettify.css HTTP/1.1" 304 0 (2018-11-18 13:15:10; basehttp.py:124)
INFO:django.server: "GET /static/rest_framework/js/jquery-3.3.1.min.js HTTP/1.1" 304 0 (2018-11-18 13:15:10; basehttp.py:124)
INFO:django.server: "GET /static/rest_framework/js/csrf.js HTTP/1.1" 304 0 (2018-11-18 13:15:10; basehttp.py:124)
INFO:django.server: "GET /static/rest_framework/css/default.css HTTP/1.1" 304 0 (2018-11-18 13:15:10; basehttp.py:124)
INFO:django.server: "GET /static/rest_framework/js/ajax-form.js HTTP/1.1" 304 0 (2018-11-18 13:15:10; basehttp.py:124)
INFO:django.server: "GET /static/rest_framework/js/bootstrap.min.js HTTP/1.1" 304 0 (2018-11-18 13:15:10; basehttp.py:124)
INFO:django.server: "GET /static/rest_framework/js/prettify-min.js HTTP/1.1" 304 0 (2018-11-18 13:15:10; basehttp.py:124)
INFO:django.server: "GET /static/rest_framework/js/default.js HTTP/1.1" 304 0 (2018-11-18 13:15:10; basehttp.py:124)
INFO:django.server: "GET /static/rest_framework/img/grid.png HTTP/1.1" 304 0 (2018-11-18 13:15:10; basehttp.py:124)
WARNING:django.server: "GET /favicon.ico HTTP/1.1" 404 2081 (2018-11-18 13:15:10; basehttp.py:124)
INFO:django.server: "GET /api/tasks/todos/ HTTP/1.1" 200 15837 (2018-11-18 13:15:12; basehttp.py:124)
INFO:django.server: "GET /static/rest_framework/css/bootstrap.min.css HTTP/1.1" 304 0 (2018-11-18 13:15:12; basehttp.py:124)
INFO:django.server: "GET /static/rest_framework/css/bootstrap-tweaks.css HTTP/1.1" 304 0 (2018-11-18 13:15:12; basehttp.py:124)
INFO:django.server: "GET /static/rest_framework/css/prettify.css HTTP/1.1" 304 0 (2018-11-18 13:15:12; basehttp.py:124)
INFO:django.server: "GET /static/rest_framework/css/default.css HTTP/1.1" 304 0 (2018-11-18 13:15:12; basehttp.py:124)
INFO:django.server: "GET /static/rest_framework/js/jquery-3.3.1.min.js HTTP/1.1" 304 0 (2018-11-18 13:15:12; basehttp.py:124)
INFO:django.server: "GET /static/rest_framework/js/ajax-form.js HTTP/1.1" 304 0 (2018-11-18 13:15:12; basehttp.py:124)
INFO:django.server: "GET /static/rest_framework/js/bootstrap.min.js HTTP/1.1" 304 0 (2018-11-18 13:15:12; basehttp.py:124)
INFO:django.server: "GET /static/rest_framework/js/prettify-min.js HTTP/1.1" 304 0 (2018-11-18 13:15:12; basehttp.py:124)
INFO:django.server: "GET /static/rest_framework/js/csrf.js HTTP/1.1" 304 0 (2018-11-18 13:15:12; basehttp.py:124)
INFO:django.server: "GET /static/rest_framework/js/default.js HTTP/1.1" 304 0 (2018-11-18 13:15:12; basehttp.py:124)
INFO:django.server: "GET /static/rest_framework/img/grid.png HTTP/1.1" 304 0 (2018-11-18 13:15:12; basehttp.py:124)
WARNING:django.server: "GET /favicon.ico HTTP/1.1" 404 2081 (2018-11-18 13:15:12; basehttp.py:124)
INFO:django.server: "GET /admin/task/todo/add/ HTTP/1.1" 200 9943 (2018-11-18 13:15:30; basehttp.py:124)
INFO:django.server: "GET /admin/jsi18n/ HTTP/1.1" 200 3185 (2018-11-18 13:15:30; basehttp.py:124)
INFO:django.server: "GET /static/admin/css/forms.css HTTP/1.1" 200 8505 (2018-11-18 13:15:30; basehttp.py:124)
INFO:django.server: "GET /static/admin/js/change_form.js HTTP/1.1" 304 0 (2018-11-18 13:15:30; basehttp.py:124)
INFO:django.server: "GET /static/admin/js/prepopulate_init.js HTTP/1.1" 304 0 (2018-11-18 13:15:30; basehttp.py:124)
INFO:django.server: "GET /static/admin/css/widgets.css HTTP/1.1" 304 0 (2018-11-18 13:15:30; basehttp.py:124)
INFO:django.server: "GET /static/admin/img/icon-changelink.svg HTTP/1.1" 304 0 (2018-11-18 13:15:30; basehttp.py:124)
INFO:django.server: "GET /static/admin/img/icon-addlink.svg HTTP/1.1" 304 0 (2018-11-18 13:15:30; basehttp.py:124)
WARNING:django.server: "GET /favicon.ico HTTP/1.1" 404 2081 (2018-11-18 13:15:30; basehttp.py:124)
INFO:django.server: "POST /admin/task/todo/add/ HTTP/1.1" 302 0 (2018-11-18 13:15:39; basehttp.py:124)
INFO:django.server: "GET /admin/task/todo/ HTTP/1.1" 200 7766 (2018-11-18 13:15:39; basehttp.py:124)
INFO:django.server: "GET /admin/jsi18n/ HTTP/1.1" 200 3185 (2018-11-18 13:15:39; basehttp.py:124)
WARNING:django.server: "GET /favicon.ico HTTP/1.1" 404 2081 (2018-11-18 13:15:39; basehttp.py:124)
INFO:django.server: "GET /api/tasks/todos/ HTTP/1.1" 200 16150 (2018-11-18 13:15:42; basehttp.py:124)
INFO:django.server: "GET /static/rest_framework/css/bootstrap.min.css HTTP/1.1" 304 0 (2018-11-18 13:15:42; basehttp.py:124)
INFO:django.server: "GET /static/rest_framework/css/bootstrap-tweaks.css HTTP/1.1" 304 0 (2018-11-18 13:15:42; basehttp.py:124)
INFO:django.server: "GET /static/rest_framework/css/prettify.css HTTP/1.1" 304 0 (2018-11-18 13:15:42; basehttp.py:124)
INFO:django.server: "GET /static/rest_framework/js/ajax-form.js HTTP/1.1" 304 0 (2018-11-18 13:15:42; basehttp.py:124)
INFO:django.server: "GET /static/rest_framework/css/default.css HTTP/1.1" 304 0 (2018-11-18 13:15:42; basehttp.py:124)
INFO:django.server: "GET /static/rest_framework/js/jquery-3.3.1.min.js HTTP/1.1" 304 0 (2018-11-18 13:15:42; basehttp.py:124)
INFO:django.server: "GET /static/rest_framework/js/csrf.js HTTP/1.1" 304 0 (2018-11-18 13:15:42; basehttp.py:124)
INFO:django.server: "GET /static/rest_framework/js/bootstrap.min.js HTTP/1.1" 304 0 (2018-11-18 13:15:42; basehttp.py:124)
INFO:django.server: "GET /static/rest_framework/js/prettify-min.js HTTP/1.1" 304 0 (2018-11-18 13:15:42; basehttp.py:124)
INFO:django.server: "GET /static/rest_framework/js/default.js HTTP/1.1" 304 0 (2018-11-18 13:15:42; basehttp.py:124)
INFO:django.server: "GET /static/rest_framework/img/grid.png HTTP/1.1" 304 0 (2018-11-18 13:15:42; basehttp.py:124)
WARNING:django.server: "GET /favicon.ico HTTP/1.1" 404 2081 (2018-11-18 13:15:42; basehttp.py:124)
INFO:django.server: "GET /api/tasks/todos/1 HTTP/1.1" 301 0 (2018-11-18 13:16:16; basehttp.py:124)
INFO:django.server: "GET /api/tasks/todos/1/ HTTP/1.1" 200 17404 (2018-11-18 13:16:16; basehttp.py:124)
WARNING:django.server: "GET /favicon.ico HTTP/1.1" 404 2081 (2018-11-18 13:16:16; basehttp.py:124)
INFO:django.server: "GET /api/tasks/todos/2 HTTP/1.1" 301 0 (2018-11-18 13:16:20; basehttp.py:124)
INFO:django.server: "GET /api/tasks/todos/2/ HTTP/1.1" 200 17373 (2018-11-18 13:16:20; basehttp.py:124)
WARNING:django.server: "GET /favicon.ico HTTP/1.1" 404 2081 (2018-11-18 13:16:21; basehttp.py:124)
INFO:django.server: "PUT /api/tasks/todos/2/ HTTP/1.1" 200 17373 (2018-11-18 13:16:29; basehttp.py:124)
INFO:django.server: "GET /admin/ HTTP/1.1" 200 4295 (2018-11-18 13:16:42; basehttp.py:124)
INFO:django.server: "GET /static/admin/css/dashboard.css HTTP/1.1" 200 412 (2018-11-18 13:16:42; basehttp.py:124)
WARNING:django.server: "GET /favicon.ico HTTP/1.1" 404 2081 (2018-11-18 13:16:42; basehttp.py:124)
INFO:django.server: "GET /admin/auth/user/ HTTP/1.1" 200 9683 (2018-11-18 13:16:45; basehttp.py:124)
INFO:django.server: "GET /admin/jsi18n/ HTTP/1.1" 200 3185 (2018-11-18 13:16:45; basehttp.py:124)
INFO:django.server: "GET /static/admin/img/icon-no.svg HTTP/1.1" 200 560 (2018-11-18 13:16:45; basehttp.py:124)
INFO:django.server: "GET /static/admin/img/search.svg HTTP/1.1" 200 458 (2018-11-18 13:16:45; basehttp.py:124)
INFO:django.server: "GET /static/admin/img/sorting-icons.svg HTTP/1.1" 200 1097 (2018-11-18 13:16:45; basehttp.py:124)
WARNING:django.server: "GET /favicon.ico HTTP/1.1" 404 2081 (2018-11-18 13:16:45; basehttp.py:124)
INFO:django.server: "GET /admin/auth/user/1/change/ HTTP/1.1" 200 14176 (2018-11-18 13:16:47; basehttp.py:124)
INFO:django.server: "GET /static/admin/css/forms.css HTTP/1.1" 304 0 (2018-11-18 13:16:47; basehttp.py:124)
INFO:django.server: "GET /admin/jsi18n/ HTTP/1.1" 200 3185 (2018-11-18 13:16:47; basehttp.py:124)
INFO:django.server: "GET /static/admin/js/SelectBox.js HTTP/1.1" 304 0 (2018-11-18 13:16:47; basehttp.py:124)
INFO:django.server: "GET /static/admin/js/SelectFilter2.js HTTP/1.1" 304 0 (2018-11-18 13:16:47; basehttp.py:124)
INFO:django.server: "GET /static/admin/js/calendar.js HTTP/1.1" 304 0 (2018-11-18 13:16:47; basehttp.py:124)
INFO:django.server: "GET /static/admin/js/admin/DateTimeShortcuts.js HTTP/1.1" 304 0 (2018-11-18 13:16:47; basehttp.py:124)
WARNING:django.server: "GET /favicon.ico HTTP/1.1" 404 2081 (2018-11-18 13:16:47; basehttp.py:124)
INFO:django.server: "GET /static/admin/img/icon-unknown.svg HTTP/1.1" 200 655 (2018-11-18 13:16:47; basehttp.py:124)
INFO:django.server: "GET /static/admin/img/icon-calendar.svg HTTP/1.1" 200 1086 (2018-11-18 13:16:47; basehttp.py:124)
INFO:django.server: "GET /static/admin/img/icon-clock.svg HTTP/1.1" 200 677 (2018-11-18 13:16:47; basehttp.py:124)
INFO:django.server: "GET /static/admin/img/icon-unknown-alt.svg HTTP/1.1" 200 655 (2018-11-18 13:16:47; basehttp.py:124)
INFO:django.server: "GET /static/admin/img/selector-icons.svg HTTP/1.1" 200 3291 (2018-11-18 13:16:47; basehttp.py:124)
INFO:django.server: "POST /admin/auth/user/1/change/ HTTP/1.1" 302 0 (2018-11-18 13:16:52; basehttp.py:124)
INFO:django.server: "GET /admin/auth/user/ HTTP/1.1" 302 0 (2018-11-18 13:16:52; basehttp.py:124)
INFO:django.server: "GET /admin/login/?next=/admin/auth/user/ HTTP/1.1" 200 2164 (2018-11-18 13:16:52; basehttp.py:124)
INFO:django.server: "GET /static/admin/css/login.css HTTP/1.1" 200 1203 (2018-11-18 13:16:52; basehttp.py:124)
WARNING:django.server: "GET /favicon.ico HTTP/1.1" 404 2081 (2018-11-18 13:16:52; basehttp.py:124)
INFO:django.server: "POST /admin/login/?next=/admin/auth/user/ HTTP/1.1" 200 2150 (2018-11-18 13:16:58; basehttp.py:124)
WARNING:django.server: "GET /favicon.ico HTTP/1.1" 404 2081 (2018-11-18 13:16:58; basehttp.py:124)
ERROR:django.server: "GET /api/tasks/todos/2/ HTTP/1.1" 500 120045 (2018-11-18 13:17:01; basehttp.py:124)
WARNING:django.server: "GET /favicon.ico HTTP/1.1" 404 2081 (2018-11-18 13:17:01; basehttp.py:124)
ERROR:django.server: "GET /api/tasks/todos/2/ HTTP/1.1" 500 120179 (2018-11-18 13:17:04; basehttp.py:124)
WARNING:django.server: "GET /favicon.ico HTTP/1.1" 404 2081 (2018-11-18 13:17:04; basehttp.py:124)
WARNING:django.server: "GET /favicon.ico HTTP/1.1" 404 2081 (2018-11-18 13:17:06; basehttp.py:124)
ERROR:django.server: "GET /api/tasks/todos/1/ HTTP/1.1" 500 120179 (2018-11-18 13:17:08; basehttp.py:124)
WARNING:django.server: "GET /favicon.ico HTTP/1.1" 404 2081 (2018-11-18 13:17:08; basehttp.py:124)
INFO:django.server: "GET /api/tasks/todos/1/ HTTP/1.1" 200 17404 (2018-11-18 13:17:55; basehttp.py:124)
INFO:django.server: "GET /static/rest_framework/css/bootstrap.min.css HTTP/1.1" 304 0 (2018-11-18 13:17:55; basehttp.py:124)
INFO:django.server: "GET /static/rest_framework/css/bootstrap-tweaks.css HTTP/1.1" 304 0 (2018-11-18 13:17:55; basehttp.py:124)
INFO:django.server: "GET /static/rest_framework/css/prettify.css HTTP/1.1" 304 0 (2018-11-18 13:17:55; basehttp.py:124)
INFO:django.server: "GET /static/rest_framework/css/default.css HTTP/1.1" 304 0 (2018-11-18 13:17:55; basehttp.py:124)
INFO:django.server: "GET /static/rest_framework/js/jquery-3.3.1.min.js HTTP/1.1" 304 0 (2018-11-18 13:17:55; basehttp.py:124)
INFO:django.server: "GET /static/rest_framework/js/csrf.js HTTP/1.1" 304 0 (2018-11-18 13:17:55; basehttp.py:124)
INFO:django.server: "GET /static/rest_framework/js/ajax-form.js HTTP/1.1" 304 0 (2018-11-18 13:17:55; basehttp.py:124)
INFO:django.server: "GET /static/rest_framework/js/bootstrap.min.js HTTP/1.1" 304 0 (2018-11-18 13:17:55; basehttp.py:124)
INFO:django.server: "GET /static/rest_framework/js/prettify-min.js HTTP/1.1" 304 0 (2018-11-18 13:17:55; basehttp.py:124)
INFO:django.server: "GET /static/rest_framework/js/default.js HTTP/1.1" 304 0 (2018-11-18 13:17:55; basehttp.py:124)
INFO:django.server: "GET /static/rest_framework/img/grid.png HTTP/1.1" 304 0 (2018-11-18 13:17:55; basehttp.py:124)
WARNING:django.server: "GET /favicon.ico HTTP/1.1" 404 2081 (2018-11-18 13:17:55; basehttp.py:124)
WARNING:django.server: "GET /api/tasks/todos/2/ HTTP/1.1" 403 11167 (2018-11-18 13:17:58; basehttp.py:124)
WARNING:django.server: "GET /favicon.ico HTTP/1.1" 404 2081 (2018-11-18 13:17:59; basehttp.py:124)
INFO:django.server: "GET /api/tasks/todos/ HTTP/1.1" 200 16150 (2018-11-18 13:18:09; basehttp.py:124)
WARNING:django.server: "GET /favicon.ico HTTP/1.1" 404 2081 (2018-11-18 13:18:09; basehttp.py:124)
INFO:django.server: "GET /api/tasks/todos/ HTTP/1.1" 200 15837 (2018-11-18 13:21:52; basehttp.py:124)
INFO:django.server: "GET /static/rest_framework/css/bootstrap.min.css HTTP/1.1" 304 0 (2018-11-18 13:21:52; basehttp.py:124)
INFO:django.server: "GET /static/rest_framework/css/bootstrap-tweaks.css HTTP/1.1" 304 0 (2018-11-18 13:21:52; basehttp.py:124)
INFO:django.server: "GET /static/rest_framework/css/prettify.css HTTP/1.1" 304 0 (2018-11-18 13:21:52; basehttp.py:124)
INFO:django.server: "GET /static/rest_framework/css/default.css HTTP/1.1" 304 0 (2018-11-18 13:21:52; basehttp.py:124)
INFO:django.server: "GET /static/rest_framework/js/jquery-3.3.1.min.js HTTP/1.1" 304 0 (2018-11-18 13:21:52; basehttp.py:124)
INFO:django.server: "GET /static/rest_framework/js/csrf.js HTTP/1.1" 304 0 (2018-11-18 13:21:52; basehttp.py:124)
INFO:django.server: "GET /static/rest_framework/js/ajax-form.js HTTP/1.1" 304 0 (2018-11-18 13:21:52; basehttp.py:124)
INFO:django.server: "GET /static/rest_framework/js/default.js HTTP/1.1" 304 0 (2018-11-18 13:21:52; basehttp.py:124)
INFO:django.server: "GET /static/rest_framework/js/prettify-min.js HTTP/1.1" 304 0 (2018-11-18 13:21:52; basehttp.py:124)
INFO:django.server: "GET /static/rest_framework/js/bootstrap.min.js HTTP/1.1" 304 0 (2018-11-18 13:21:52; basehttp.py:124)
INFO:django.server: "GET /static/rest_framework/img/grid.png HTTP/1.1" 304 0 (2018-11-18 13:21:52; basehttp.py:124)
WARNING:django.server: "GET /favicon.ico HTTP/1.1" 404 2081 (2018-11-18 13:21:52; basehttp.py:124)
INFO:django.server: "GET /api/tasks/todos/ HTTP/1.1" 200 15837 (2018-11-18 13:21:54; basehttp.py:124)
INFO:django.server: "GET /static/rest_framework/css/bootstrap.min.css HTTP/1.1" 304 0 (2018-11-18 13:21:54; basehttp.py:124)
INFO:django.server: "GET /static/rest_framework/css/bootstrap-tweaks.css HTTP/1.1" 304 0 (2018-11-18 13:21:54; basehttp.py:124)
INFO:django.server: "GET /static/rest_framework/css/prettify.css HTTP/1.1" 304 0 (2018-11-18 13:21:54; basehttp.py:124)
INFO:django.server: "GET /static/rest_framework/css/default.css HTTP/1.1" 304 0 (2018-11-18 13:21:54; basehttp.py:124)
INFO:django.server: "GET /static/rest_framework/js/ajax-form.js HTTP/1.1" 304 0 (2018-11-18 13:21:54; basehttp.py:124)
INFO:django.server: "GET /static/rest_framework/js/csrf.js HTTP/1.1" 304 0 (2018-11-18 13:21:54; basehttp.py:124)
INFO:django.server: "GET /static/rest_framework/js/jquery-3.3.1.min.js HTTP/1.1" 304 0 (2018-11-18 13:21:54; basehttp.py:124)
INFO:django.server: "GET /static/rest_framework/js/bootstrap.min.js HTTP/1.1" 304 0 (2018-11-18 13:21:54; basehttp.py:124)
INFO:django.server: "GET /static/rest_framework/js/default.js HTTP/1.1" 304 0 (2018-11-18 13:21:54; basehttp.py:124)
INFO:django.server: "GET /static/rest_framework/js/prettify-min.js HTTP/1.1" 304 0 (2018-11-18 13:21:54; basehttp.py:124)
INFO:django.server: "GET /static/rest_framework/img/grid.png HTTP/1.1" 304 0 (2018-11-18 13:21:54; basehttp.py:124)
WARNING:django.server: "GET /favicon.ico HTTP/1.1" 404 2081 (2018-11-18 13:21:54; basehttp.py:124)
INFO:django.server: "GET /api/tasks/todos/ HTTP/1.1" 200 16150 (2018-11-18 13:25:31; basehttp.py:124)
INFO:django.server: "GET /static/rest_framework/css/bootstrap-tweaks.css HTTP/1.1" 304 0 (2018-11-18 13:25:31; basehttp.py:124)
INFO:django.server: "GET /static/rest_framework/css/bootstrap.min.css HTTP/1.1" 304 0 (2018-11-18 13:25:31; basehttp.py:124)
INFO:django.server: "GET /static/rest_framework/css/prettify.css HTTP/1.1" 304 0 (2018-11-18 13:25:31; basehttp.py:124)
INFO:django.server: "GET /static/rest_framework/css/default.css HTTP/1.1" 304 0 (2018-11-18 13:25:31; basehttp.py:124)
INFO:django.server: "GET /static/rest_framework/js/jquery-3.3.1.min.js HTTP/1.1" 304 0 (2018-11-18 13:25:31; basehttp.py:124)
INFO:django.server: "GET /static/rest_framework/js/bootstrap.min.js HTTP/1.1" 304 0 (2018-11-18 13:25:31; basehttp.py:124)
INFO:django.server: "GET /static/rest_framework/js/prettify-min.js HTTP/1.1" 304 0 (2018-11-18 13:25:31; basehttp.py:124)
INFO:django.server: "GET /static/rest_framework/js/ajax-form.js HTTP/1.1" 304 0 (2018-11-18 13:25:31; basehttp.py:124)
INFO:django.server: "GET /static/rest_framework/js/csrf.js HTTP/1.1" 304 0 (2018-11-18 13:25:31; basehttp.py:124)
INFO:django.server: "GET /static/rest_framework/js/default.js HTTP/1.1" 304 0 (2018-11-18 13:25:31; basehttp.py:124)
INFO:django.server: "GET /static/rest_framework/img/grid.png HTTP/1.1" 304 0 (2018-11-18 13:25:31; basehttp.py:124)
WARNING:django.server: "GET /favicon.ico HTTP/1.1" 404 2081 (2018-11-18 13:25:31; basehttp.py:124)
INFO:django.server: "POST /admin/login/?next=/admin/auth/user/ HTTP/1.1" 302 0 (2018-11-18 13:25:36; basehttp.py:124)
INFO:django.server: "GET /admin/auth/user/ HTTP/1.1" 200 9683 (2018-11-18 13:25:36; basehttp.py:124)
INFO:django.server: "GET /static/admin/css/base.css HTTP/1.1" 304 0 (2018-11-18 13:25:37; basehttp.py:124)
INFO:django.server: "GET /static/admin/css/changelists.css HTTP/1.1" 304 0 (2018-11-18 13:25:37; basehttp.py:124)
INFO:django.server: "GET /static/admin/js/vendor/jquery/jquery.js HTTP/1.1" 304 0 (2018-11-18 13:25:37; basehttp.py:124)
INFO:django.server: "GET /static/admin/js/core.js HTTP/1.1" 304 0 (2018-11-18 13:25:37; basehttp.py:124)
INFO:django.server: "GET /static/admin/js/jquery.init.js HTTP/1.1" 304 0 (2018-11-18 13:25:37; basehttp.py:124)
INFO:django.server: "GET /static/admin/js/admin/RelatedObjectLookups.js HTTP/1.1" 304 0 (2018-11-18 13:25:37; basehttp.py:124)
INFO:django.server: "GET /static/admin/js/prepopulate.js HTTP/1.1" 304 0 (2018-11-18 13:25:37; basehttp.py:124)
INFO:django.server: "GET /static/admin/css/responsive.css HTTP/1.1" 304 0 (2018-11-18 13:25:37; basehttp.py:124)
INFO:django.server: "GET /static/admin/js/actions.js HTTP/1.1" 304 0 (2018-11-18 13:25:37; basehttp.py:124)
INFO:django.server: "GET /static/admin/js/urlify.js HTTP/1.1" 304 0 (2018-11-18 13:25:37; basehttp.py:124)
INFO:django.server: "GET /static/admin/js/vendor/xregexp/xregexp.js HTTP/1.1" 304 0 (2018-11-18 13:25:37; basehttp.py:124)
INFO:django.server: "GET /admin/jsi18n/ HTTP/1.1" 200 3185 (2018-11-18 13:25:37; basehttp.py:124)
INFO:django.server: "GET /static/admin/img/search.svg HTTP/1.1" 304 0 (2018-11-18 13:25:37; basehttp.py:124)
INFO:django.server: "GET /static/admin/img/icon-no.svg HTTP/1.1" 200 560 (2018-11-18 13:25:37; basehttp.py:124)
INFO:django.server: "GET /static/admin/img/icon-yes.svg HTTP/1.1" 304 0 (2018-11-18 13:25:37; basehttp.py:124)
INFO:django.server: "GET /static/admin/css/fonts.css HTTP/1.1" 304 0 (2018-11-18 13:25:37; basehttp.py:124)
INFO:django.server: "GET /static/admin/img/tooltag-add.svg HTTP/1.1" 304 0 (2018-11-18 13:25:37; basehttp.py:124)
INFO:django.server: "GET /static/admin/img/sorting-icons.svg HTTP/1.1" 200 1097 (2018-11-18 13:25:37; basehttp.py:124)
WARNING:django.server: "GET /favicon.ico HTTP/1.1" 404 2081 (2018-11-18 13:25:37; basehttp.py:124)
INFO:django.server: "GET /admin/logout/ HTTP/1.1" 200 1207 (2018-11-18 13:25:39; basehttp.py:124)
WARNING:django.server: "GET /favicon.ico HTTP/1.1" 404 2081 (2018-11-18 13:25:39; basehttp.py:124)
WARNING:django.server: "GET /api/tasks/todos/ HTTP/1.1" 403 9463 (2018-11-18 13:25:41; basehttp.py:124)
INFO:django.server: "GET /static/rest_framework/css/bootstrap.min.css HTTP/1.1" 304 0 (2018-11-18 13:25:41; basehttp.py:124)
INFO:django.server: "GET /static/rest_framework/css/bootstrap-tweaks.css HTTP/1.1" 304 0 (2018-11-18 13:25:41; basehttp.py:124)
INFO:django.server: "GET /static/rest_framework/css/default.css HTTP/1.1" 304 0 (2018-11-18 13:25:41; basehttp.py:124)
INFO:django.server: "GET /static/rest_framework/css/prettify.css HTTP/1.1" 304 0 (2018-11-18 13:25:41; basehttp.py:124)
INFO:django.server: "GET /static/rest_framework/js/ajax-form.js HTTP/1.1" 304 0 (2018-11-18 13:25:41; basehttp.py:124)
INFO:django.server: "GET /static/rest_framework/js/csrf.js HTTP/1.1" 304 0 (2018-11-18 13:25:41; basehttp.py:124)
INFO:django.server: "GET /static/rest_framework/js/jquery-3.3.1.min.js HTTP/1.1" 304 0 (2018-11-18 13:25:41; basehttp.py:124)
INFO:django.server: "GET /static/rest_framework/js/bootstrap.min.js HTTP/1.1" 304 0 (2018-11-18 13:25:41; basehttp.py:124)
INFO:django.server: "GET /static/rest_framework/js/default.js HTTP/1.1" 304 0 (2018-11-18 13:25:41; basehttp.py:124)
INFO:django.server: "GET /static/rest_framework/js/prettify-min.js HTTP/1.1" 304 0 (2018-11-18 13:25:41; basehttp.py:124)
INFO:django.server: "GET /static/rest_framework/img/grid.png HTTP/1.1" 304 0 (2018-11-18 13:25:41; basehttp.py:124)
WARNING:django.server: "GET /favicon.ico HTTP/1.1" 404 2081 (2018-11-18 13:25:42; basehttp.py:124)
INFO:django.server: "GET /admin/ HTTP/1.1" 302 0 (2018-11-18 13:26:30; basehttp.py:124)
INFO:django.server: "GET /admin/login/?next=/admin/ HTTP/1.1" 200 1819 (2018-11-18 13:26:31; basehttp.py:124)
WARNING:django.server: "GET /favicon.ico HTTP/1.1" 404 2081 (2018-11-18 13:26:31; basehttp.py:124)
INFO:django.server: "POST /admin/login/?next=/admin/ HTTP/1.1" 302 0 (2018-11-18 13:26:33; basehttp.py:124)
INFO:django.server: "GET /admin/ HTTP/1.1" 200 4574 (2018-11-18 13:26:33; basehttp.py:124)
INFO:django.server: "GET /static/admin/css/dashboard.css HTTP/1.1" 200 412 (2018-11-18 13:26:33; basehttp.py:124)
WARNING:django.server: "GET /favicon.ico HTTP/1.1" 404 2081 (2018-11-18 13:26:33; basehttp.py:124)
INFO:django.server: "GET /static/admin/fonts/Roboto-Bold-webfont.woff HTTP/1.1" 200 82564 (2018-11-18 13:26:33; basehttp.py:124)
INFO:django.server: "GET /admin/task/todo/ HTTP/1.1" 200 7586 (2018-11-18 13:26:38; basehttp.py:124)
INFO:django.server: "GET /admin/jsi18n/ HTTP/1.1" 200 3185 (2018-11-18 13:26:38; basehttp.py:124)
WARNING:django.server: "GET /favicon.ico HTTP/1.1" 404 2081 (2018-11-18 13:26:39; basehttp.py:124)
INFO:django.server: "GET /api/tasks/todos/ HTTP/1.1" 200 16150 (2018-11-18 13:26:43; basehttp.py:124)
INFO:django.server: "GET /static/rest_framework/css/bootstrap.min.css HTTP/1.1" 304 0 (2018-11-18 13:26:43; basehttp.py:124)
INFO:django.server: "GET /static/rest_framework/css/bootstrap-tweaks.css HTTP/1.1" 304 0 (2018-11-18 13:26:43; basehttp.py:124)
INFO:django.server: "GET /static/rest_framework/css/prettify.css HTTP/1.1" 304 0 (2018-11-18 13:26:43; basehttp.py:124)
INFO:django.server: "GET /static/rest_framework/js/ajax-form.js HTTP/1.1" 304 0 (2018-11-18 13:26:43; basehttp.py:124)
INFO:django.server: "GET /static/rest_framework/js/jquery-3.3.1.min.js HTTP/1.1" 304 0 (2018-11-18 13:26:43; basehttp.py:124)
INFO:django.server: "GET /static/rest_framework/css/default.css HTTP/1.1" 304 0 (2018-11-18 13:26:43; basehttp.py:124)
INFO:django.server: "GET /static/rest_framework/js/csrf.js HTTP/1.1" 304 0 (2018-11-18 13:26:43; basehttp.py:124)
INFO:django.server: "GET /static/rest_framework/js/bootstrap.min.js HTTP/1.1" 304 0 (2018-11-18 13:26:43; basehttp.py:124)
INFO:django.server: "GET /static/rest_framework/js/prettify-min.js HTTP/1.1" 304 0 (2018-11-18 13:26:43; basehttp.py:124)
INFO:django.server: "GET /static/rest_framework/js/default.js HTTP/1.1" 304 0 (2018-11-18 13:26:43; basehttp.py:124)
INFO:django.server: "GET /static/rest_framework/img/grid.png HTTP/1.1" 304 0 (2018-11-18 13:26:43; basehttp.py:124)
WARNING:django.server: "GET /favicon.ico HTTP/1.1" 404 2081 (2018-11-18 13:26:43; basehttp.py:124)
ERROR:django.server: "POST /api/tasks/todos/ HTTP/1.1" 500 214306 (2018-11-18 13:26:54; basehttp.py:124)
WARNING:django.server: "GET /favicon.ico HTTP/1.1" 404 2081 (2018-11-18 13:26:54; basehttp.py:124)
WARNING:django.server: "GET /favicon.ico HTTP/1.1" 404 2081 (2018-11-18 16:02:02; basehttp.py:124)
INFO:django.server: "POST /api/tasks/todos/ HTTP/1.1" 201 15814 (2018-11-18 16:02:04; basehttp.py:124)
INFO:django.server: "GET /static/rest_framework/css/bootstrap-tweaks.css HTTP/1.1" 200 3385 (2018-11-18 16:02:05; basehttp.py:124)
INFO:django.server: "GET /static/rest_framework/css/default.css HTTP/1.1" 200 1131 (2018-11-18 16:02:05; basehttp.py:124)
INFO:django.server: "GET /static/rest_framework/css/prettify.css HTTP/1.1" 200 817 (2018-11-18 16:02:05; basehttp.py:124)
INFO:django.server: "GET /static/rest_framework/css/bootstrap.min.css HTTP/1.1" 200 121200 (2018-11-18 16:02:05; basehttp.py:124)
INFO:django.server: "GET /static/rest_framework/js/jquery-3.3.1.min.js HTTP/1.1" 304 0 (2018-11-18 16:02:05; basehttp.py:124)
INFO:django.server: "GET /static/rest_framework/js/ajax-form.js HTTP/1.1" 304 0 (2018-11-18 16:02:05; basehttp.py:124)
INFO:django.server: "GET /static/rest_framework/js/csrf.js HTTP/1.1" 304 0 (2018-11-18 16:02:05; basehttp.py:124)
INFO:django.server: "GET /static/rest_framework/js/bootstrap.min.js HTTP/1.1" 304 0 (2018-11-18 16:02:05; basehttp.py:124)
INFO:django.server: "GET /static/rest_framework/js/prettify-min.js HTTP/1.1" 304 0 (2018-11-18 16:02:05; basehttp.py:124)
INFO:django.server: "GET /static/rest_framework/img/grid.png HTTP/1.1" 200 1458 (2018-11-18 16:02:05; basehttp.py:124)
INFO:django.server: "GET /static/rest_framework/js/default.js HTTP/1.1" 304 0 (2018-11-18 16:02:05; basehttp.py:124)
WARNING:django.server: "GET /favicon.ico HTTP/1.1" 404 2081 (2018-11-18 16:02:05; basehttp.py:124)
INFO:django.server: "GET /api/tasks/todos/3 HTTP/1.1" 301 0 (2018-11-18 16:02:19; basehttp.py:124)
INFO:django.server: "GET /api/tasks/todos/3/ HTTP/1.1" 200 17370 (2018-11-18 16:02:19; basehttp.py:124)
INFO:django.server: "GET /static/rest_framework/css/default.css HTTP/1.1" 304 0 (2018-11-18 16:02:19; basehttp.py:124)
INFO:django.server: "GET /static/rest_framework/img/grid.png HTTP/1.1" 304 0 (2018-11-18 16:02:20; basehttp.py:124)
WARNING:django.server: "GET /favicon.ico HTTP/1.1" 404 2081 (2018-11-18 16:02:20; basehttp.py:124)
INFO:django.server: "GET /api/tasks/todos/3/ HTTP/1.1" 200 17370 (2018-11-18 16:07:42; basehttp.py:124)
INFO:django.server: "GET /static/rest_framework/css/prettify.css HTTP/1.1" 200 817 (2018-11-18 16:07:42; basehttp.py:124)
INFO:django.server: "GET /static/rest_framework/css/bootstrap-tweaks.css HTTP/1.1" 200 3385 (2018-11-18 16:07:42; basehttp.py:124)
INFO:django.server: "GET /static/rest_framework/css/default.css HTTP/1.1" 200 1131 (2018-11-18 16:07:42; basehttp.py:124)
INFO:django.server: "GET /static/rest_framework/css/bootstrap.min.css HTTP/1.1" 200 121200 (2018-11-18 16:07:42; basehttp.py:124)
INFO:django.server: "GET /static/rest_framework/js/jquery-3.3.1.min.js HTTP/1.1" 304 0 (2018-11-18 16:07:42; basehttp.py:124)
INFO:django.server: "GET /static/rest_framework/js/csrf.js HTTP/1.1" 304 0 (2018-11-18 16:07:42; basehttp.py:124)
INFO:django.server: "GET /static/rest_framework/js/ajax-form.js HTTP/1.1" 304 0 (2018-11-18 16:07:42; basehttp.py:124)
INFO:django.server: "GET /static/rest_framework/js/bootstrap.min.js HTTP/1.1" 304 0 (2018-11-18 16:07:42; basehttp.py:124)
INFO:django.server: "GET /static/rest_framework/js/prettify-min.js HTTP/1.1" 304 0 (2018-11-18 16:07:42; basehttp.py:124)
INFO:django.server: "GET /static/rest_framework/js/default.js HTTP/1.1" 304 0 (2018-11-18 16:07:42; basehttp.py:124)
INFO:django.server: "GET /static/rest_framework/img/grid.png HTTP/1.1" 200 1458 (2018-11-18 16:07:42; basehttp.py:124)
WARNING:django.server: "GET /favicon.ico HTTP/1.1" 404 2081 (2018-11-18 16:07:42; basehttp.py:124)
INFO:django.server: "GET /api/tasks/todos/ HTTP/1.1" 200 16461 (2018-11-18 16:07:46; basehttp.py:124)
WARNING:django.server: "GET /favicon.ico HTTP/1.1" 404 2081 (2018-11-18 16:07:46; basehttp.py:124)
ERROR:django.server: "GET /api/tasks/todos/ HTTP/1.1" 500 114409 (2018-11-18 16:08:52; basehttp.py:124)
WARNING:django.server: "GET /favicon.ico HTTP/1.1" 404 2081 (2018-11-18 16:08:52; basehttp.py:124)
INFO:django.server: "GET /api/tasks/todos/ HTTP/1.1" 200 17701 (2018-11-18 16:12:17; basehttp.py:124)
INFO:django.server: "GET /static/rest_framework/css/bootstrap-tweaks.css HTTP/1.1" 304 0 (2018-11-18 16:12:17; basehttp.py:124)
INFO:django.server: "GET /static/rest_framework/css/default.css HTTP/1.1" 304 0 (2018-11-18 16:12:17; basehttp.py:124)
INFO:django.server: "GET /static/rest_framework/css/prettify.css HTTP/1.1" 304 0 (2018-11-18 16:12:17; basehttp.py:124)
INFO:django.server: "GET /static/rest_framework/js/jquery-3.3.1.min.js HTTP/1.1" 304 0 (2018-11-18 16:12:17; basehttp.py:124)
INFO:django.server: "GET /static/rest_framework/js/ajax-form.js HTTP/1.1" 304 0 (2018-11-18 16:12:17; basehttp.py:124)
INFO:django.server: "GET /static/rest_framework/js/bootstrap.min.js HTTP/1.1" 304 0 (2018-11-18 16:12:17; basehttp.py:124)
INFO:django.server: "GET /static/rest_framework/js/prettify-min.js HTTP/1.1" 304 0 (2018-11-18 16:12:17; basehttp.py:124)
INFO:django.server: "GET /static/rest_framework/js/default.js HTTP/1.1" 304 0 (2018-11-18 16:12:17; basehttp.py:124)
INFO:django.server: "GET /static/rest_framework/js/csrf.js HTTP/1.1" 304 0 (2018-11-18 16:12:17; basehttp.py:124)
INFO:django.server: "GET /static/rest_framework/css/bootstrap.min.css HTTP/1.1" 200 121200 (2018-11-18 16:12:17; basehttp.py:124)
INFO:django.server: "GET /static/rest_framework/img/grid.png HTTP/1.1" 304 0 (2018-11-18 16:12:17; basehttp.py:124)
INFO:django.server: "GET /static/rest_framework/fonts/glyphicons-halflings-regular.woff2 HTTP/1.1" 200 18028 (2018-11-18 16:12:17; basehttp.py:124)
WARNING:django.server: "GET /favicon.ico HTTP/1.1" 404 2081 (2018-11-18 16:12:17; basehttp.py:124)
INFO:django.server: "GET /api/tasks/todos/?status=200 HTTP/1.1" 200 16839 (2018-11-18 16:12:29; basehttp.py:124)
WARNING:django.server: "GET /favicon.ico HTTP/1.1" 404 2081 (2018-11-18 16:12:29; basehttp.py:124)
INFO:django.server: "GET /api/tasks/todos/?status=200 HTTP/1.1" 200 17102 (2018-11-18 16:12:54; basehttp.py:124)
INFO:django.server: "GET /static/rest_framework/css/bootstrap.min.css HTTP/1.1" 304 0 (2018-11-18 16:12:54; basehttp.py:124)
INFO:django.server: "GET /static/rest_framework/css/bootstrap-tweaks.css HTTP/1.1" 304 0 (2018-11-18 16:12:54; basehttp.py:124)
INFO:django.server: "GET /static/rest_framework/css/prettify.css HTTP/1.1" 304 0 (2018-11-18 16:12:54; basehttp.py:124)
INFO:django.server: "GET /static/rest_framework/css/default.css HTTP/1.1" 304 0 (2018-11-18 16:12:54; basehttp.py:124)
INFO:django.server: "GET /static/rest_framework/js/jquery-3.3.1.min.js HTTP/1.1" 304 0 (2018-11-18 16:12:54; basehttp.py:124)
INFO:django.server: "GET /static/rest_framework/js/bootstrap.min.js HTTP/1.1" 304 0 (2018-11-18 16:12:54; basehttp.py:124)
INFO:django.server: "GET /static/rest_framework/js/ajax-form.js HTTP/1.1" 304 0 (2018-11-18 16:12:54; basehttp.py:124)
INFO:django.server: "GET /static/rest_framework/js/csrf.js HTTP/1.1" 304 0 (2018-11-18 16:12:54; basehttp.py:124)
INFO:django.server: "GET /static/rest_framework/js/default.js HTTP/1.1" 304 0 (2018-11-18 16:12:54; basehttp.py:124)
INFO:django.server: "GET /static/rest_framework/js/prettify-min.js HTTP/1.1" 304 0 (2018-11-18 16:12:54; basehttp.py:124)
INFO:django.server: "GET /static/rest_framework/img/grid.png HTTP/1.1" 304 0 (2018-11-18 16:12:54; basehttp.py:124)
WARNING:django.server: "GET /favicon.ico HTTP/1.1" 404 2081 (2018-11-18 16:12:54; basehttp.py:124)
INFO:django.server: "GET /api/tasks/todos/?status=200&priority=200 HTTP/1.1" 200 17221 (2018-11-18 16:12:59; basehttp.py:124)
WARNING:django.server: "GET /favicon.ico HTTP/1.1" 404 2081 (2018-11-18 16:13:00; basehttp.py:124)
INFO:django.server: "GET /api/tasks/todos/?status=100&priority=200 HTTP/1.1" 200 17857 (2018-11-18 16:13:04; basehttp.py:124)
WARNING:django.server: "GET /favicon.ico HTTP/1.1" 404 2081 (2018-11-18 16:13:05; basehttp.py:124)
INFO:django.server: "GET /api/tasks/todos/?status=&priority= HTTP/1.1" 200 18349 (2018-11-18 16:15:29; basehttp.py:124)
WARNING:django.server: "GET /favicon.ico HTTP/1.1" 404 2081 (2018-11-18 16:15:29; basehttp.py:124)
INFO:django.server: "GET /api/tasks/todos/?status=&priority= HTTP/1.1" 200 18778 (2018-11-18 16:15:49; basehttp.py:124)
INFO:django.server: "GET /static/rest_framework/css/bootstrap-tweaks.css HTTP/1.1" 304 0 (2018-11-18 16:15:49; basehttp.py:124)
INFO:django.server: "GET /static/rest_framework/css/bootstrap.min.css HTTP/1.1" 304 0 (2018-11-18 16:15:49; basehttp.py:124)
INFO:django.server: "GET /static/rest_framework/css/prettify.css HTTP/1.1" 304 0 (2018-11-18 16:15:49; basehttp.py:124)
INFO:django.server: "GET /static/rest_framework/css/default.css HTTP/1.1" 304 0 (2018-11-18 16:15:49; basehttp.py:124)
INFO:django.server: "GET /static/rest_framework/js/jquery-3.3.1.min.js HTTP/1.1" 304 0 (2018-11-18 16:15:49; basehttp.py:124)
INFO:django.server: "GET /static/rest_framework/js/ajax-form.js HTTP/1.1" 304 0 (2018-11-18 16:15:49; basehttp.py:124)
INFO:django.server: "GET /static/rest_framework/js/prettify-min.js HTTP/1.1" 304 0 (2018-11-18 16:15:49; basehttp.py:124)
INFO:django.server: "GET /static/rest_framework/js/bootstrap.min.js HTTP/1.1" 304 0 (2018-11-18 16:15:49; basehttp.py:124)
INFO:django.server: "GET /static/rest_framework/js/default.js HTTP/1.1" 304 0 (2018-11-18 16:15:49; basehttp.py:124)
INFO:django.server: "GET /static/rest_framework/js/csrf.js HTTP/1.1" 304 0 (2018-11-18 16:15:49; basehttp.py:124)
INFO:django.server: "GET /static/rest_framework/img/grid.png HTTP/1.1" 304 0 (2018-11-18 16:15:49; basehttp.py:124)
WARNING:django.server: "GET /favicon.ico HTTP/1.1" 404 2081 (2018-11-18 16:15:49; basehttp.py:124)
INFO:django.server: "GET /api/tasks/todos/?offset=1&priority=&status= HTTP/1.1" 200 19069 (2018-11-18 16:15:52; basehttp.py:124)
WARNING:django.server: "GET /favicon.ico HTTP/1.1" 404 2081 (2018-11-18 16:15:52; basehttp.py:124)
INFO:django.server: "GET /api/tasks/todos/?offset=2&priority=&status= HTTP/1.1" 200 18857 (2018-11-18 16:15:54; basehttp.py:124)
WARNING:django.server: "GET /favicon.ico HTTP/1.1" 404 2081 (2018-11-18 16:15:55; basehttp.py:124)
INFO:django.server: "GET /api/tasks/todos/?offset=2&priority=&status= HTTP/1.1" 200 17868 (2018-11-18 16:20:33; basehttp.py:124)
INFO:django.server: "GET /static/rest_framework/css/bootstrap.min.css HTTP/1.1" 304 0 (2018-11-18 16:20:33; basehttp.py:124)
INFO:django.server: "GET /static/rest_framework/css/prettify.css HTTP/1.1" 304 0 (2018-11-18 16:20:33; basehttp.py:124)
INFO:django.server: "GET /static/rest_framework/js/jquery-3.3.1.min.js HTTP/1.1" 304 0 (2018-11-18 16:20:33; basehttp.py:124)
INFO:django.server: "GET /static/rest_framework/css/bootstrap-tweaks.css HTTP/1.1" 304 0 (2018-11-18 16:20:33; basehttp.py:124)
INFO:django.server: "GET /static/rest_framework/css/default.css HTTP/1.1" 304 0 (2018-11-18 16:20:33; basehttp.py:124)
INFO:django.server: "GET /static/rest_framework/js/ajax-form.js HTTP/1.1" 304 0 (2018-11-18 16:20:33; basehttp.py:124)
INFO:django.server: "GET /static/rest_framework/js/csrf.js HTTP/1.1" 304 0 (2018-11-18 16:20:33; basehttp.py:124)
INFO:django.server: "GET /static/rest_framework/js/bootstrap.min.js HTTP/1.1" 304 0 (2018-11-18 16:20:33; basehttp.py:124)
INFO:django.server: "GET /static/rest_framework/js/prettify-min.js HTTP/1.1" 304 0 (2018-11-18 16:20:33; basehttp.py:124)
INFO:django.server: "GET /static/rest_framework/js/default.js HTTP/1.1" 304 0 (2018-11-18 16:20:33; basehttp.py:124)
INFO:django.server: "GET /static/rest_framework/img/grid.png HTTP/1.1" 304 0 (2018-11-18 16:20:33; basehttp.py:124)
WARNING:django.server: "GET /favicon.ico HTTP/1.1" 404 2081 (2018-11-18 16:20:33; basehttp.py:124)
WARNING:django.server: "GET /api/ HTTP/1.1" 404 2429 (2018-11-18 16:26:44; basehttp.py:124)
WARNING:django.server: "GET /favicon.ico HTTP/1.1" 404 2081 (2018-11-18 16:26:44; basehttp.py:124)
INFO:django.server: "GET /api/docs HTTP/1.1" 301 0 (2018-11-18 16:26:52; basehttp.py:124)
INFO:django.server: "GET /api/docs/ HTTP/1.1" 200 6705 (2018-11-18 16:26:52; basehttp.py:124)
INFO:django.server: "GET /static/rest_framework_swagger/bundles/app.bundle.js HTTP/1.1" 200 1771 (2018-11-18 16:26:52; basehttp.py:124)
INFO:django.server: "GET /static/rest_framework_swagger/bundles/app.bundle.css HTTP/1.1" 200 419 (2018-11-18 16:26:52; basehttp.py:124)
INFO:django.server: "GET /static/rest_framework_swagger/bundles/vendors.bundle.css HTTP/1.1" 200 153889 (2018-11-18 16:26:52; basehttp.py:124)
INFO:django.server: "GET /static/rest_framework_swagger/logo_small.png HTTP/1.1" 200 458 (2018-11-18 16:26:52; basehttp.py:124)
INFO:django.server: "GET /static/rest_framework_swagger/bundles/vendors.bundle.js HTTP/1.1" 200 1636116 (2018-11-18 16:26:52; basehttp.py:124)
WARNING:django.server: "GET /favicon.ico HTTP/1.1" 404 2081 (2018-11-18 16:26:52; basehttp.py:124)
WARNING:django.server: "GET /api/ HTTP/1.1" 404 2429 (2018-11-18 16:29:34; basehttp.py:124)
WARNING:django.server: "GET /favicon.ico HTTP/1.1" 404 2081 (2018-11-18 16:29:34; basehttp.py:124)
WARNING:django.server: "GET /api/auth HTTP/1.1" 404 2441 (2018-11-18 16:29:40; basehttp.py:124)
WARNING:django.server: "GET /favicon.ico HTTP/1.1" 404 2081 (2018-11-18 16:29:41; basehttp.py:124)
INFO:django.server: "GET /api/userdata/ HTTP/1.1" 200 9953 (2018-11-18 16:29:50; basehttp.py:124)
WARNING:django.server: "GET /favicon.ico HTTP/1.1" 404 2081 (2018-11-18 16:29:51; basehttp.py:124)
WARNING:django.server: "GET /api/userdata/auth HTTP/1.1" 404 4041 (2018-11-18 16:29:57; basehttp.py:124)
WARNING:django.server: "GET /favicon.ico HTTP/1.1" 404 2081 (2018-11-18 16:29:57; basehttp.py:124)
WARNING:django.server: "GET /api/userdata/auth/ HTTP/1.1" 404 4396 (2018-11-18 16:30:05; basehttp.py:124)
WARNING:django.server: "GET /favicon.ico HTTP/1.1" 404 2081 (2018-11-18 16:30:05; basehttp.py:124)
INFO:django.server: "GET /api/userdata/auth/login HTTP/1.1" 301 0 (2018-11-18 16:30:12; basehttp.py:124)
INFO:django.server: "GET /api/userdata/auth/login/ HTTP/1.1" 200 2709 (2018-11-18 16:30:12; basehttp.py:124)
WARNING:django.server: "GET /favicon.ico HTTP/1.1" 404 2081 (2018-11-18 16:30:12; basehttp.py:124)
INFO:django.server: "POST /api/userdata/auth/login/ HTTP/1.1" 302 0 (2018-11-18 16:30:18; basehttp.py:124)
WARNING:django.server: "GET /accounts/profile/ HTTP/1.1" 404 2099 (2018-11-18 16:30:18; basehttp.py:124)
WARNING:django.server: "GET /favicon.ico HTTP/1.1" 404 2081 (2018-11-18 16:30:18; basehttp.py:124)
